Arguments: 
  c:\program files\nodejs\node.exe C:\Program Files (x86)\Yarn\bin\yarn.js cache clean

PATH: 
  C:\ProgramData\DockerDesktop\version-bin;C:\Program Files\Docker\Docker\Resources\bin;c:\programdata\dockerdesktop\version-bin;c:\program files\docker\docker\resources\bin;c:\program files (x86)\common files\oracle\java\javapath;c:\windows\system32;c:\windows;c:\windows\system32\wbem;c:\windows\system32\windowspowershell\v1.0\;c:\program files (x86)\gtksharp\2.12\bin;c:\windows\system32\openssh\;c:\program files\nvidia corporation\nvidia nvdlisr;g:\matlab\runtime\win64;g:\matlab\bin;g:\matlab\polyspace\bin;c:\program files\putty\;c:\windows\system32;c:\windows;c:\windows\system32\wbem;c:\windows\system32\windowspowershell\v1.0\;c:\windows\system32\openssh\;c:\program files\nodejs\;c:\program files\git\cmd;c:\users\robert\.dnx\bin;c:\program files\microsoft dnx\dnvm\;C:\Program Files (x86)\NVIDIA Corporation\PhysX\Common;C:\Program Files\dotnet\;C:\Users\robert\AppData\Roaming\Python\Python37\Scripts;C:\Program Files (x86)\Yarn\bin\;C:\Users\Robert\AppData\Local\Programs\Python\Python37\Scripts\;C:\Users\Robert\AppData\Local\Programs\Python\Python37\;C:\Users\Robert\AppData\Local\Programs\Python\Python36\Scripts\;C:\Users\Robert\AppData\Local\Programs\Python\Python36\;C:\Users\Robert\AppData\Local\Microsoft\WindowsApps;C:\Users\Robert\AppData\Roaming\npm;C:\Users\Robert\AppData\Local\Programs\Microsoft VS Code\bin;C:\Users\Robert\AppData\Local\Yarn\bin

Yarn version: 
  1.22.4

Node version: 
  10.16.0

Platform: 
  win32 x64

Trace: 
  Error: EPERM: operation not permitted, mkdir 'C:\Users\Robert\AppData\Local\Yarn\Cache\v6'

npm manifest: 
  {
    "name": "front",
    "version": "1.0.0",
    "description": "",
    "main": "index.js",
    "scripts": {
      "test": "echo \"Error: no test specified\" && exit 1"
    },
    "repository": {
      "type": "git",
      "url": "git+https://github.com/coffeeraspberry/nfccoffee.git"
    },
    "author": "",
    "license": "ISC",
    "bugs": {
      "url": "https://github.com/coffeeraspberry/nfccoffee/issues"
    },
    "homepage": "https://github.com/coffeeraspberry/nfccoffee#readme"
  }

yarn manifest: 
  No manifest

Lockfile: 
  No lockfile
